C51 COMPILER V9.60.7.0   DS18B02                                                           10/08/2023 16:42:08 PAGE 1   


C51 COMPILER V9.60.7.0, COMPILATION OF MODULE DS18B02
OBJECT MODULE PLACED IN .\Objects\DS18B02.obj
COMPILER INVOKED BY: D:\software\Keil_v5\C51\BIN\C51.EXE DS18B02.c OPTIMIZE(8,SPEED) BROWSE DEBUG OBJECTEXTEND PRINT(.\L
                    -istings\DS18B02.lst) TABS(2) OBJECT(.\Objects\DS18B02.obj)

line level    source

   1          #include <STC90C5xAD.H>
   2          #include <intrins.h>
   3          #include "OneWire.h"
   4          
   5          #define DS_SKIP_ROM 0xCC
   6          #define DS_CONVERT_T 0x44
   7          #define DS_READ_SCR 0xBE//scratchpad
   8          
   9          
  10          void DS_ConvertT()
  11          {
  12   1        OW_Init();
  13   1        OW_SendByte(DS_SKIP_ROM);
  14   1        OW_SendByte(DS_CONVERT_T);
  15   1      }
  16          
  17          float DS_ReadT()  //Ê≥®ÊÑèfloatËøêÁÆóËÄóÊó∂ËæÉÈïø
  18          {
  19   1        unsigned char tL,tM;
  20   1        int tem;
  21   1        float t;
  22   1        OW_Init();
  23   1        OW_SendByte(DS_SKIP_ROM);
  24   1        OW_SendByte(DS_READ_SCR);
  25   1        tL=OW_ReceiveByte();
  26   1        tM=OW_ReceiveByte();
  27   1        
  28   1        tem = (tM<<8)|tL;//bit4‰Ωç‰∏∫2ÁöÑÈõ∂Ê¨°ÔºåÂè≥ÁßªÂõõ‰ΩçÂç≥/16    tMÂâç‰∫î‰ΩçË°®Á¨¶Âè∑ÔºåÊïÖÁî®ÊúâÁ¨¶Âè∑intÂº
             -∫ËΩ¨    
  29   1        t=((double)tem)/16; //Âº∫ËΩ¨float‰ª•‰øùÁïôÂ∞èÊï∞  floatÂç†4Â≠óËäÇÔºåintÂç†2Â≠óËäÇ ÂâçÊñπ‰∫î‰ΩçSÁ¨¶Âè∑‰ΩçÊò
             -ØÂê¶ÂΩ±ÂìçË¥üÊï∞ËΩ¨Êç¢Ôºü
  30   1        return t;
  31   1      }


MODULE INFORMATION:   STATIC OVERLAYABLE
   CODE SIZE        =     56    ----
   CONSTANT SIZE    =   ----    ----
   XDATA SIZE       =   ----    ----
   PDATA SIZE       =   ----    ----
   DATA SIZE        =   ----       1
   IDATA SIZE       =   ----    ----
   BIT SIZE         =   ----    ----
END OF MODULE INFORMATION.


C51 COMPILATION COMPLETE.  0 WARNING(S),  0 ERROR(S)
