C51 COMPILER V9.60.7.0   KEY                                                               09/12/2023 21:59:27 PAGE 1   


C51 COMPILER V9.60.7.0, COMPILATION OF MODULE KEY
OBJECT MODULE PLACED IN .\Objects\Key.obj
COMPILER INVOKED BY: D:\software\Keil_v5\C51\BIN\C51.EXE Key.c OPTIMIZE(8,SPEED) BROWSE DEBUG OBJECTEXTEND PRINT(.\Listi
                    -ngs\Key.lst) TABS(2) OBJECT(.\Objects\Key.obj)

line level    source

   1          #include <STC90C5xAD.H>
   2          #include "Delay.h"
   3          
   4          /**
   5            * @brief  获取独立按键键码
   6            * @param  无
   7            * @retval 按下按键的键码，范围：0~4，无按键按下时返回值为0
   8            */
   9          unsigned char Key()
  10          {
  11   1        unsigned char KeyNumber=0;
  12   1        
  13   1        if(P30==0){Delay(200);while(P30==0);Delay(200);KeyNumber=1;}
  14   1        if(P31==0){Delay(200);while(P31==0);Delay(200);KeyNumber=2;}
  15   1        if(P32==0){Delay(200);while(P32==0);Delay(200);KeyNumber=3;}
  16   1        if(P33==0){Delay(200);while(P33==0);Delay(200);KeyNumber=4;}
  17   1        if(P34==0){Delay(200);while(P34==0);Delay(200);KeyNumber=5;}
  18   1        if(P35==0){Delay(200);while(P35==0);Delay(200);KeyNumber=6;}
  19   1        if(P36==0){Delay(200);while(P36==0);Delay(200);KeyNumber=7;}
  20   1        if(P37==0){Delay(200);while(P37==0);Delay(200);KeyNumber=8;}
  21   1        
  22   1        return KeyNumber;
  23   1      }


MODULE INFORMATION:   STATIC OVERLAYABLE
   CODE SIZE        =    189    ----
   CONSTANT SIZE    =   ----    ----
   XDATA SIZE       =   ----    ----
   PDATA SIZE       =   ----    ----
   DATA SIZE        =   ----       1
   IDATA SIZE       =   ----    ----
   BIT SIZE         =   ----    ----
END OF MODULE INFORMATION.


C51 COMPILATION COMPLETE.  0 WARNING(S),  0 ERROR(S)
