C51 COMPILER V9.60.7.0   LCD1602                                                           10/08/2023 16:42:08 PAGE 1   


C51 COMPILER V9.60.7.0, COMPILATION OF MODULE LCD1602
OBJECT MODULE PLACED IN .\Objects\LCD1602.obj
COMPILER INVOKED BY: D:\software\Keil_v5\C51\BIN\C51.EXE LCD1602.c OPTIMIZE(8,SPEED) BROWSE DEBUG OBJECTEXTEND PRINT(.\L
                    -istings\LCD1602.lst) TABS(2) OBJECT(.\Objects\LCD1602.obj)

line level    source

   1          #include <STC90C5xAD.H>
   2          #include "Delay.h"
   3          
   4          sbit mRD=P2^6;
   5          sbit mWR=P2^5;
   6          sbit mLCDE=P2^7;
   7          
   8          void LCD_mWriteCommand(unsigned char c)
   9          {
  10   1        mRD=0;
  11   1        mWR=0;
  12   1        P0=c;
  13   1        mLCDE=1;
  14   1        Delay(1);
  15   1        mLCDE=0;
  16   1        Delay(1);
  17   1      }
  18          
  19          void LCD_mWriteData(unsigned char d)
  20          {
  21   1        mRD=1;
  22   1        mWR=0;
  23   1        P0=d;
  24   1        mLCDE=1;
  25   1        Delay(1);
  26   1        mLCDE=0;
  27   1        Delay(1);
  28   1      }
  29          
  30          void LCD_mSetCursor(unsigned char Line,unsigned char Column)
  31          {
  32   1        if(Line==1)
  33   1        {
  34   2          LCD_mWriteCommand(0x80|(Column-1));
  35   2        }
  36   1        else if(Line==2)
  37   1        {
  38   2          LCD_mWriteCommand(0x80|(Column-1+0x40));
  39   2        }
  40   1      }
  41          
  42          void LCD_Init()
  43          {
  44   1        LCD_mWriteCommand(0x38);
  45   1        LCD_mWriteCommand(0x0c);
  46   1        LCD_mWriteCommand(0x06);
  47   1        LCD_mWriteCommand(0x01);
  48   1      }
  49          
  50          void LCD_ShowChar(unsigned char Line,unsigned char Column,char Char)
  51          {
  52   1        LCD_mSetCursor(Line,Column);
  53   1        LCD_mWriteData(Char);
  54   1      }
C51 COMPILER V9.60.7.0   LCD1602                                                           10/08/2023 16:42:08 PAGE 2   

  55          
  56          void LCD_ShowString(unsigned char Line,unsigned char Column,char *String)
  57          {
  58   1        unsigned char i;
  59   1        LCD_mSetCursor(Line,Column);
  60   1        for(i=0;String[i]!='\0';i++)
  61   1        {
  62   2          LCD_mWriteData(String[i]);
  63   2        }
  64   1      }
  65          
  66          void LCD_ShowNum(unsigned char Line,unsigned char Column,unsigned int Number,unsigned char Length)
  67          {
  68   1        unsigned char i;
  69   1        unsigned char j;
  70   1      
  71   1        LCD_mSetCursor(Line,Column);
  72   1        for(i=Length;i>0;i--)
  73   1        {
  74   2          int pow=1;
  75   2          for(j=0;j<i-1;j++)
  76   2          {
  77   3            pow*=10;
  78   3          }
  79   2      
  80   2          LCD_mWriteData(Number/pow%10+'0');
  81   2        }
  82   1      }
  83          
  84          
  85          
  86          
  87          
  88          void LCD_ShowCiallo(unsigned char Line,unsigned char Column)
  89          {
  90   1        unsigned char i;
  91   1        unsigned char code ciallo[] = {
  92   1          0x00,0x00,0x00,0x08,0x15,0x02,0x00,0x00,
  93   1          0x00,0x00,0x02,0x04,0x08,0x10,0x1F,0x00,
  94   1          0x00,0x00,0x00,0x06,0x06,0x00,0x00,0x00,
  95   1          0x00,0x00,0x11,0x11,0x15,0x0A,0x00,0x00,
  96   1          0x00,0x02,0x04,0x08,0x04,0x02,0x00,0x00,
  97   1          0x00,0x0E,0x11,0x00,0x00,0x00,0x00,0x00,
  98   1          0x00,0x04,0x0E,0x1F,0x0E,0x0A,0x11,0x00
  99   1        };
 100   1        unsigned char code cTable[]={0x00,0x01,0x02,0x03,0x04,0x05,0x06};  //自定义字符数据地址
 101   1      
 102   1        LCD_mWriteCommand(0x40);//存入CGROM
 103   1        for(i=0;i<56;i++)
 104   1        {
 105   2          LCD_mWriteData(ciallo[i]);
 106   2          Delay(1);
 107   2        }
 108   1      
 109   1        LCD_ShowString(Line,Column,"Ciallo");
 110   1        //LCD_mWRiteCommand(0x80|6);
 111   1        Delay(1);
 112   1        LCD_mWriteData(cTable[0]);Delay(1);
 113   1        LCD_mWriteData('(');Delay(1);
 114   1        LCD_mWriteData(cTable[1]);Delay(1);
 115   1        LCD_mWriteData(cTable[2]);Delay(1);
 116   1        LCD_mWriteData(cTable[3]);Delay(1);
C51 COMPILER V9.60.7.0   LCD1602                                                           10/08/2023 16:42:08 PAGE 3   

 117   1        LCD_mWriteData(cTable[4]);Delay(1);
 118   1        LCD_mWriteData(')');Delay(1);
 119   1        LCD_mWriteData(cTable[5]);Delay(1);
 120   1        LCD_mWriteData(cTable[6]);Delay(1);
 121   1      }
 122          


MODULE INFORMATION:   STATIC OVERLAYABLE
   CODE SIZE        =    419    ----
   CONSTANT SIZE    =     70    ----
   XDATA SIZE       =   ----    ----
   PDATA SIZE       =   ----    ----
   DATA SIZE        =   ----      18
   IDATA SIZE       =   ----    ----
   BIT SIZE         =   ----    ----
END OF MODULE INFORMATION.


C51 COMPILATION COMPLETE.  0 WARNING(S),  0 ERROR(S)
