C51 COMPILER V9.60.7.0   ONEWIRE                                                           10/08/2023 16:42:08 PAGE 1   


C51 COMPILER V9.60.7.0, COMPILATION OF MODULE ONEWIRE
OBJECT MODULE PLACED IN .\Objects\OneWire.obj
COMPILER INVOKED BY: D:\software\Keil_v5\C51\BIN\C51.EXE OneWire.c OPTIMIZE(8,SPEED) BROWSE DEBUG OBJECTEXTEND PRINT(.\L
                    -istings\OneWire.lst) TABS(2) OBJECT(.\Objects\OneWire.obj)

line level    source

   1          #include <STC90C5xAD.H>
   2          #include <intrins.h>
   3          
   4          sbit OW_DQ = P3^7;
   5          
   6          void Delay500us()   //@12.000MHz
   7          {
   8   1        unsigned char data i;
   9   1      
  10   1        _nop_();
  11   1        i = 247;
  12   1        while (--i);
  13   1      }
  14          void Delay70us()    //@12.000MHz
  15          {
  16   1        unsigned char data i;
  17   1      
  18   1        _nop_();
  19   1        i = 32;
  20   1        while (--i);
  21   1      }
  22          void Delay14us()    //@12.000MHz
  23          {
  24   1        unsigned char data i;
  25   1      
  26   1        _nop_();
  27   1        i = 4;
  28   1        while (--i);
  29   1      }
  30          void Delay50us()    //@12.000MHz
  31          {
  32   1        unsigned char data i;
  33   1      
  34   1        _nop_();
  35   1        i = 22;
  36   1        while (--i);
  37   1      }
  38          
  39          
  40          
  41          
  42          unsigned char OW_Init()
  43          {
  44   1        unsigned char tem;
  45   1        unsigned char EAtem = EA;
  46   1        EA=0;   //注意单总线时序过程不能被定时器打断！关闭定时器（极大地影响定时器
             -：单总线较IIC的劣势
  47   1        OW_DQ=1;
  48   1        OW_DQ=0;
  49   1        Delay500us();
  50   1        OW_DQ=1;
  51   1        Delay70us();
  52   1        tem=OW_DQ;//响应了吗
  53   1        Delay500us();
C51 COMPILER V9.60.7.0   ONEWIRE                                                           10/08/2023 16:42:08 PAGE 2   

  54   1        EA=EAtem;
  55   1        return tem;
  56   1        
  57   1      }
  58          
  59          void OW_SendBit(bit b)
  60          {
  61   1        unsigned char i;
  62   1        unsigned char EAtem = EA;
  63   1        EA=0;
  64   1        OW_DQ=0;
  65   1        i=4;while(--i);//0,1分界
  66   1        OW_DQ=b;
  67   1        i=24;while(--i);//要保证大于60
  68   1        OW_DQ=1;
  69   1        EA=EAtem;
  70   1      }
  71          
  72          bit OW_ReceiveBit()
  73          {
  74   1        bit b;
  75   1        unsigned char i;
  76   1        unsigned char EAtem = EA;
  77   1        EA=0;
  78   1        OW_DQ=0;
  79   1        //-1 /2 
  80   1        i=2;while(--i);//5um
  81   1        OW_DQ=1;
  82   1        i=2;while(--i);
  83   1        b=OW_DQ;
  84   1        i=24;while(--i);
  85   1        EA=EAtem;
  86   1        return b;
  87   1      }
  88          
  89          void OW_SendByte(unsigned char byte)
  90          {
  91   1        unsigned char i;
  92   1        for(i=0;i<8;i++)
  93   1        {
  94   2          OW_SendBit(byte&(0x01<<i));//注意OW从低位开始传输，与IIC不同
  95   2        }
  96   1      }
  97          
  98          unsigned char OW_ReceiveByte()
  99          {
 100   1        unsigned char i;
 101   1        unsigned char byte=0x00;//温度错误显示！！！
 102   1        for(i=0;i<8;i++)
 103   1        {
 104   2          if(OW_ReceiveBit())byte|=(0x01<<i);
 105   2        }
 106   1        return byte;
 107   1      }


MODULE INFORMATION:   STATIC OVERLAYABLE
   CODE SIZE        =    190    ----
   CONSTANT SIZE    =   ----    ----
   XDATA SIZE       =   ----    ----
   PDATA SIZE       =   ----    ----
   DATA SIZE        =   ----    ----
C51 COMPILER V9.60.7.0   ONEWIRE                                                           10/08/2023 16:42:08 PAGE 3   

   IDATA SIZE       =   ----    ----
   BIT SIZE         =   ----       2
END OF MODULE INFORMATION.


C51 COMPILATION COMPLETE.  0 WARNING(S),  0 ERROR(S)
